2026-06-09T08:40:20Z ==== run_local.sh start (delay=2.0) ====
2026-06-09T08:42:01Z [shard 0] 29/8134 got=25 skip=4 miss=0 fail=0
2026-06-09T08:43:32Z [shard 0] 58/8134 got=50 skip=8 miss=0 fail=0
2026-06-09T08:45:11Z [shard 0] 86/8134 got=75 skip=11 miss=0 fail=0
2026-06-09T08:46:44Z [shard 0] 115/8134 got=100 skip=15 miss=0 fail=0
2026-06-09T08:46:50Z   throttled (URLError [Errno 61] Connection refused) try 1/4, sleep 6s
2026-06-09T08:46:56Z   throttled (URLError [Errno 61] Connection refused) try 2/4, sleep 9s
2026-06-09T08:47:19Z   throttled (URLError [Errno 61] Connection refused) try 1/4, sleep 6s
2026-06-09T08:47:32Z   throttled (URLError [Errno 61] Connection refused) try 1/4, sleep 4s
2026-06-09T08:47:36Z   throttled (URLError [Errno 61] Connection refused) try 2/4, sleep 9s
2026-06-09T08:48:05Z   throttled (URLError [Errno 61] Connection refused) try 1/4, sleep 6s
2026-06-09T08:48:15Z   throttled (URLError [Errno 61] Connection refused) try 1/4, sleep 5s
2026-06-09T08:48:28Z   throttled (URLError [Errno 61] Connection refused) try 1/4, sleep 6s
2026-06-09T08:48:34Z   throttled (URLError [Errno 61] Connection refused) try 2/4, sleep 8s
2026-06-09T08:49:08Z   throttled (URLError [Errno 61] Connection refused) try 1/4, sleep 6s
2026-06-09T08:49:27Z [shard 0] 143/8134 got=125 skip=18 miss=0 fail=0
2026-06-09T08:51:05Z [shard 0] 172/8134 got=150 skip=22 miss=0 fail=0
2026-06-09T08:52:46Z [shard 0] 200/8134 got=175 skip=25 miss=0 fail=0
2026-06-09T08:53:05Z   throttled (URLError [Errno 61] Connection refused) try 1/4, sleep 6s
2026-06-09T08:53:18Z   throttled (URLError [Errno 61] Connection refused) try 1/4, sleep 7s
2026-06-09T08:53:38Z   throttled (URLError [Errno 61] Connection refused) try 1/4, sleep 6s
2026-06-09T08:54:03Z   throttled (URLError [Errno 61] Connection refused) try 1/4, sleep 6s
2026-06-09T08:54:40Z [shard 0] 229/8134 got=200 skip=29 miss=0 fail=0
2026-06-09T08:56:08Z [shard 0] 258/8134 got=225 skip=33 miss=0 fail=0
2026-06-09T08:57:38Z [shard 0] 286/8134 got=250 skip=36 miss=0 fail=0
2026-06-09T08:59:05Z [shard 0] 315/8134 got=275 skip=40 miss=0 fail=0
2026-06-09T09:00:38Z [shard 0] 343/8134 got=300 skip=43 miss=0 fail=0
2026-06-09T09:02:11Z [shard 0] 372/8134 got=325 skip=47 miss=0 fail=0
2026-06-09T09:03:46Z [shard 0] 400/8134 got=350 skip=50 miss=0 fail=0
2026-06-09T09:06:13Z [shard 0] 430/8134 got=375 skip=54 miss=1 fail=0
2026-06-09T09:07:48Z [shard 0] 459/8134 got=400 skip=58 miss=1 fail=0
2026-06-09T09:09:19Z [shard 0] 487/8134 got=425 skip=61 miss=1 fail=0
2026-06-09T09:10:51Z [shard 0] 516/8134 got=450 skip=65 miss=1 fail=0
2026-06-09T09:12:24Z [shard 0] 544/8134 got=475 skip=68 miss=1 fail=0
2026-06-09T09:13:58Z [shard 0] 573/8134 got=500 skip=72 miss=1 fail=0
2026-06-09T09:15:33Z [shard 0] 599/8134 got=525 skip=73 miss=1 fail=0
2026-06-09T09:17:08Z [shard 0] 624/8134 got=550 skip=73 miss=1 fail=0
2026-06-09T09:18:48Z [shard 0] 649/8134 got=575 skip=73 miss=1 fail=0
2026-06-09T09:20:24Z [shard 0] 674/8134 got=600 skip=73 miss=1 fail=0
2026-06-09T09:22:01Z [shard 0] 699/8134 got=625 skip=73 miss=1 fail=0
2026-06-09T09:23:43Z [shard 0] 724/8134 got=650 skip=73 miss=1 fail=0
2026-06-09T09:25:26Z [shard 0] 749/8134 got=675 skip=73 miss=1 fail=0
2026-06-09T09:27:05Z [shard 0] 774/8134 got=700 skip=73 miss=1 fail=0
2026-06-09T09:28:43Z [shard 0] 799/8134 got=725 skip=73 miss=1 fail=0
2026-06-09T09:30:28Z [shard 0] 824/8134 got=750 skip=73 miss=1 fail=0
2026-06-09T09:31:59Z [shard 0] 849/8134 got=775 skip=73 miss=1 fail=0
2026-06-09T09:33:29Z [shard 0] 874/8134 got=800 skip=73 miss=1 fail=0
2026-06-09T09:34:59Z [shard 0] 899/8134 got=825 skip=73 miss=1 fail=0
2026-06-09T09:36:32Z [shard 0] 924/8134 got=850 skip=73 miss=1 fail=0
2026-06-09T09:38:08Z [shard 0] 949/8134 got=875 skip=73 miss=1 fail=0
2026-06-09T09:39:41Z [shard 0] 974/8134 got=900 skip=73 miss=1 fail=0
2026-06-09T09:41:18Z [shard 0] 999/8134 got=925 skip=73 miss=1 fail=0
2026-06-09T09:42:54Z [shard 0] 1024/8134 got=950 skip=73 miss=1 fail=0
2026-06-09T09:44:37Z [shard 0] 1049/8134 got=975 skip=73 miss=1 fail=0
2026-06-09T09:46:12Z [shard 0] 1074/8134 got=1000 skip=73 miss=1 fail=0
2026-06-09T09:47:44Z [shard 0] 1099/8134 got=1025 skip=73 miss=1 fail=0
2026-06-09T09:49:20Z [shard 0] 1124/8134 got=1050 skip=73 miss=1 fail=0
2026-06-09T09:50:54Z [shard 0] 1149/8134 got=1075 skip=73 miss=1 fail=0
2026-06-09T09:52:29Z [shard 0] 1174/8134 got=1100 skip=73 miss=1 fail=0
2026-06-09T09:53:56Z   note: 20070422115618 redirected -> https://web.archive.org/web/20071017023259id_/http://www.theavalanches
2026-06-09T09:54:08Z   note: 20070626072050 redirected -> https://web.archive.org/web/20071017023259id_/http://www.theavalanches
2026-06-09T09:54:08Z [shard 0] 1199/8134 got=1125 skip=73 miss=1 fail=0
2026-06-09T09:54:12Z   note: 20070720083235 redirected -> https://web.archive.org/web/20071017023259id_/http://www.theavalanches
2026-06-09T09:54:21Z   note: 20070819231133 redirected -> https://web.archive.org/web/20071017023259id_/http://www.theavalanches
2026-06-09T09:55:45Z [shard 0] 1224/8134 got=1150 skip=73 miss=1 fail=0
2026-06-09T09:56:14Z   note: 20081221225132 redirected -> https://web.archive.org/web/20081219163240id_/http://www.theavalanches
2026-06-09T09:56:44Z   note: 20110724102412 redirected -> https://web.archive.org/web/20110924151519id_/http://theavalanches.com
2026-06-09T09:57:24Z   note: 20160315090340 redirected -> https://web.archive.org/web/20160325031336id_/http://theavalanches.com
2026-06-09T09:57:24Z [shard 0] 1249/8134 got=1175 skip=73 miss=1 fail=0
2026-06-09T09:57:31Z   note: 20160408182904 redirected -> https://web.archive.org/web/20160325031336id_/http://theavalanches.com
2026-06-09T09:57:36Z   note: 20160408182908 redirected -> https://web.archive.org/web/20160325031336id_/http://theavalanches.com
2026-06-09T09:57:41Z   note: 20160408215953 redirected -> https://web.archive.org/web/20160325031336id_/http://theavalanches.com
2026-06-09T09:57:46Z   note: 20160408232208 redirected -> https://web.archive.org/web/20160325031336id_/http://theavalanches.com
2026-06-09T09:57:49Z   throttled (URLError [Errno 61] Connection refused) try 1/4, sleep 4s
2026-06-09T09:57:54Z   throttled (URLError [Errno 61] Connection refused) try 2/4, sleep 8s
2026-06-09T09:58:04Z   note: 20160409063248 redirected -> https://web.archive.org/web/20160325031336id_/http://theavalanches.com
2026-06-09T09:58:10Z   note: 20160409082535 redirected -> https://web.archive.org/web/20160325031336id_/http://theavalanches.com
2026-06-09T09:58:14Z   throttled (URLError [Errno 61] Connection refused) try 1/4, sleep 5s
2026-06-09T09:58:20Z   throttled (URLError [Errno 61] Connection refused) try 2/4, sleep 9s
2026-06-09T09:58:30Z   note: 20160412191225 redirected -> https://web.archive.org/web/20160325031336id_/http://theavalanches.com
2026-06-09T09:59:27Z   note: 20170325031552 redirected -> https://web.archive.org/web/20170309081443id_/http://www.theavalanches
2026-06-09T09:59:36Z [shard 0] 1274/8134 got=1200 skip=73 miss=1 fail=0
2026-06-09T10:00:14Z   note: 20190206162524 redirected -> https://web.archive.org/web/20190126071130id_/http://www.theavalanches
2026-06-09T10:01:03Z [shard 0] 1299/8134 got=1225 skip=73 miss=1 fail=0
2026-06-09T10:01:16Z   note: 20070422115213 redirected -> https://web.archive.org/web/20071024134005id_/http://theavalanches.com
2026-06-09T10:01:20Z   note: 20070626071919 redirected -> https://web.archive.org/web/20071024134005id_/http://theavalanches.com
2026-06-09T10:01:25Z   note: 20070720083715 redirected -> https://web.archive.org/web/20071024134005id_/http://theavalanches.com
2026-06-09T10:01:28Z   throttled (URLError [Errno 61] Connection refused) try 1/4, sleep 4s
2026-06-09T10:01:34Z   note: 20070819231023 redirected -> https://web.archive.org/web/20071024134005id_/http://theavalanches.com
2026-06-09T10:01:42Z   throttled (URLError [Errno 61] Connection refused) try 1/4, sleep 6s
2026-06-09T10:02:03Z   throttled (URLError [Errno 61] Connection refused) try 1/4, sleep 6s
2026-06-09T10:02:11Z   note: 20080224012352 redirected -> https://web.archive.org/web/20080225034220id_/http://www.theavalanches
2026-06-09T10:02:30Z   note: 20080606162136 redirected -> https://web.archive.org/web/20080602160835id_/http://www.theavalanches
2026-06-09T10:02:36Z   note: 20080701064634 redirected -> https://web.archive.org/web/20080602160835id_/http://www.theavalanches
2026-06-09T10:02:40Z   note: 20080702074317 redirected -> https://web.archive.org/web/20080602160835id_/http://www.theavalanches
2026-06-09T10:02:46Z   note: 20080703111347 redirected -> https://web.archive.org/web/20080602160835id_/http://www.theavalanches
2026-06-09T10:02:49Z   throttled (URLError [Errno 61] Connection refused) try 1/4, sleep 5s
2026-06-09T10:02:55Z   note: 20080704115138 redirected -> https://web.archive.org/web/20080602160835id_/http://www.theavalanches
2026-06-09T10:02:59Z   note: 20080705122914 redirected -> https://web.archive.org/web/20080602160835id_/http://www.theavalanches
2026-06-09T10:03:03Z   throttled (URLError [Errno 61] Connection refused) try 1/4, sleep 7s
2026-06-09T10:03:11Z   note: 20080706141820 redirected -> https://web.archive.org/web/20080602160835id_/http://www.theavalanches
2026-06-09T10:03:16Z   note: 20080710111354 redirected -> https://web.archive.org/web/20080602160835id_/http://www.theavalanches
2026-06-09T10:03:19Z   throttled (URLError [Errno 61] Connection refused) try 1/4, sleep 6s
2026-06-09T10:03:28Z   note: 20080712201542 redirected -> https://web.archive.org/web/20080819000055id_/http://www.theavalanches
2026-06-09T10:03:33Z   note: 20080714171140 redirected -> https://web.archive.org/web/20080819000055id_/http://www.theavalanches
2026-06-09T10:03:33Z [shard 0] 1324/8134 got=1250 skip=73 miss=1 fail=0
2026-06-09T10:03:38Z   note: 20080718031032 redirected -> https://web.archive.org/web/20080819000055id_/http://www.theavalanches
2026-06-09T10:03:42Z   note: 20080721064436 redirected -> https://web.archive.org/web/20080819000055id_/http://www.theavalanches
2026-06-09T10:03:47Z   note: 20080805025648 redirected -> https://web.archive.org/web/20080819000055id_/http://www.theavalanches
2026-06-09T10:03:50Z   throttled (URLError [Errno 61] Connection refused) try 1/4, sleep 6s
2026-06-09T10:03:58Z   note: 20080806053153 redirected -> https://web.archive.org/web/20080819000055id_/http://www.theavalanches
2026-06-09T10:04:03Z   note: 20080807084551 redirected -> https://web.archive.org/web/20080819000055id_/http://www.theavalanches
2026-06-09T10:04:07Z   throttled (URLError [Errno 61] Connection refused) try 1/4, sleep 6s
2026-06-09T10:04:15Z   note: 20080808094223 redirected -> https://web.archive.org/web/20080819000055id_/http://www.theavalanches
2026-06-09T10:04:21Z   note: 20080810142359 redirected -> https://web.archive.org/web/20080819000055id_/http://www.theavalanches
2026-06-09T10:04:24Z   throttled (URLError [Errno 61] Connection refused) try 1/4, sleep 6s
2026-06-09T10:04:34Z   note: 20080811144542 redirected -> https://web.archive.org/web/20080819000055id_/http://www.theavalanches
2026-06-09T10:04:37Z   note: 20080813033746 redirected -> https://web.archive.org/web/20080819000055id_/http://www.theavalanches
2026-06-09T10:04:42Z   note: 20080814062531 redirected -> https://web.archive.org/web/20080819000055id_/http://www.theavalanches
2026-06-09T10:04:46Z   note: 20080815091416 redirected -> https://web.archive.org/web/20080819000055id_/http://www.theavalanches
2026-06-09T10:04:51Z   note: 20080816191609 redirected -> https://web.archive.org/web/20080819000055id_/http://www.theavalanches
2026-06-09T10:04:53Z   throttled (URLError [Errno 61] Connection refused) try 1/4, sleep 6s
2026-06-09T10:05:01Z   note: 20080817203350 redirected -> https://web.archive.org/web/20080819000055id_/http://www.theavalanches
2026-06-09T10:05:09Z   note: 20080820034744 redirected -> https://web.archive.org/web/20080821035451id_/http://www.theavalanches
2026-06-09T10:05:12Z   throttled (URLError [Errno 61] Connection refused) try 1/4, sleep 5s
2026-06-09T10:05:22Z   note: 20080822071406 redirected -> https://web.archive.org/web/20080821035451id_/http://www.theavalanches
2026-06-09T10:05:27Z   note: 20080823171443 redirected -> https://web.archive.org/web/20080821035451id_/http://www.theavalanches
2026-06-09T10:05:30Z   throttled (URLError [Errno 61] Connection refused) try 1/4, sleep 5s
2026-06-09T10:05:37Z   note: 20080826071826 redirected -> https://web.archive.org/web/20080821035451id_/http://www.theavalanches
2026-06-09T10:05:41Z   note: 20080827141541 redirected -> https://web.archive.org/web/20080821035451id_/http://www.theavalanches
2026-06-09T10:05:45Z   note: 20080908080256 redirected -> https://web.archive.org/web/20080911154845id_/http://www.theavalanches
2026-06-09T10:05:49Z   note: 20080909093714 redirected -> https://web.archive.org/web/20080911154845id_/http://www.theavalanches
2026-06-09T10:05:54Z   note: 20080910142139 redirected -> https://web.archive.org/web/20080911154845id_/http://www.theavalanches
2026-06-09T10:05:56Z   throttled (URLError [Errno 61] Connection refused) try 1/4, sleep 6s
2026-06-09T10:06:10Z   note: 20080912162705 redirected -> https://web.archive.org/web/20080911154845id_/http://www.theavalanches
2026-06-09T10:06:10Z [shard 0] 1349/8134 got=1275 skip=73 miss=1 fail=0
2026-06-09T10:06:26Z   note: 20081221225457 redirected -> https://web.archive.org/web/20081219163200id_/http://www.theavalanches
2026-06-09T10:07:42Z [shard 0] 1374/8134 got=1300 skip=73 miss=1 fail=0
2026-06-09T10:09:10Z [shard 0] 1399/8134 got=1325 skip=73 miss=1 fail=0
2026-06-09T10:10:45Z [shard 0] 1424/8134 got=1350 skip=73 miss=1 fail=0
2026-06-09T10:12:22Z [shard 0] 1449/8134 got=1375 skip=73 miss=1 fail=0
2026-06-09T10:13:59Z [shard 0] 1474/8134 got=1400 skip=73 miss=1 fail=0
2026-06-09T10:15:36Z [shard 0] 1499/8134 got=1425 skip=73 miss=1 fail=0
2026-06-09T10:17:16Z [shard 0] 1524/8134 got=1450 skip=73 miss=1 fail=0
2026-06-09T10:18:55Z [shard 0] 1549/8134 got=1475 skip=73 miss=1 fail=0
2026-06-09T10:20:34Z [shard 0] 1574/8134 got=1500 skip=73 miss=1 fail=0
2026-06-09T10:22:13Z [shard 0] 1599/8134 got=1525 skip=73 miss=1 fail=0
2026-06-09T10:23:51Z [shard 0] 1624/8134 got=1550 skip=73 miss=1 fail=0
2026-06-09T10:25:27Z [shard 0] 1649/8134 got=1575 skip=73 miss=1 fail=0
2026-06-09T10:27:02Z [shard 0] 1674/8134 got=1600 skip=73 miss=1 fail=0
2026-06-09T10:28:38Z [shard 0] 1699/8134 got=1625 skip=73 miss=1 fail=0
2026-06-09T10:30:16Z [shard 0] 1724/8134 got=1650 skip=73 miss=1 fail=0
2026-06-09T10:31:52Z [shard 0] 1749/8134 got=1675 skip=73 miss=1 fail=0
2026-06-09T10:33:25Z [shard 0] 1774/8134 got=1700 skip=73 miss=1 fail=0
2026-06-09T10:34:58Z [shard 0] 1799/8134 got=1725 skip=73 miss=1 fail=0
2026-06-09T10:36:35Z [shard 0] 1824/8134 got=1750 skip=73 miss=1 fail=0
2026-06-09T10:38:11Z [shard 0] 1849/8134 got=1775 skip=73 miss=1 fail=0
2026-06-09T10:39:45Z [shard 0] 1874/8134 got=1800 skip=73 miss=1 fail=0
2026-06-09T10:41:24Z [shard 0] 1899/8134 got=1825 skip=73 miss=1 fail=0
2026-06-09T10:43:03Z [shard 0] 1924/8134 got=1850 skip=73 miss=1 fail=0
2026-06-09T10:44:43Z [shard 0] 1949/8134 got=1875 skip=73 miss=1 fail=0
2026-06-09T10:46:28Z [shard 0] 1974/8134 got=1900 skip=73 miss=1 fail=0
2026-06-09T10:48:06Z [shard 0] 1999/8134 got=1925 skip=73 miss=1 fail=0
2026-06-09T10:49:51Z [shard 0] 2024/8134 got=1950 skip=73 miss=1 fail=0
2026-06-09T10:51:28Z [shard 0] 2049/8134 got=1975 skip=73 miss=1 fail=0
2026-06-09T10:53:09Z [shard 0] 2074/8134 got=2000 skip=73 miss=1 fail=0
2026-06-09T10:54:44Z [shard 0] 2099/8134 got=2025 skip=73 miss=1 fail=0
2026-06-09T10:56:20Z [shard 0] 2124/8134 got=2050 skip=73 miss=1 fail=0
2026-06-09T10:58:03Z [shard 0] 2149/8134 got=2075 skip=73 miss=1 fail=0
2026-06-09T10:59:35Z [shard 0] 2174/8134 got=2100 skip=73 miss=1 fail=0
2026-06-09T11:01:05Z [shard 0] 2199/8134 got=2125 skip=73 miss=1 fail=0
2026-06-09T11:02:35Z [shard 0] 2224/8134 got=2150 skip=73 miss=1 fail=0
2026-06-09T11:04:08Z [shard 0] 2249/8134 got=2175 skip=73 miss=1 fail=0
2026-06-09T11:05:36Z [shard 0] 2274/8134 got=2200 skip=73 miss=1 fail=0
2026-06-09T11:07:10Z [shard 0] 2299/8134 got=2225 skip=73 miss=1 fail=0
2026-06-09T11:08:44Z [shard 0] 2324/8134 got=2250 skip=73 miss=1 fail=0
2026-06-09T11:10:14Z [shard 0] 2349/8134 got=2275 skip=73 miss=1 fail=0
2026-06-09T11:11:42Z [shard 0] 2374/8134 got=2300 skip=73 miss=1 fail=0
2026-06-09T11:13:14Z [shard 0] 2399/8134 got=2325 skip=73 miss=1 fail=0
2026-06-09T11:15:03Z [shard 0] 2424/8134 got=2350 skip=73 miss=1 fail=0
2026-06-09T11:16:35Z [shard 0] 2449/8134 got=2375 skip=73 miss=1 fail=0
2026-06-09T11:18:09Z [shard 0] 2474/8134 got=2400 skip=73 miss=1 fail=0
2026-06-09T11:19:45Z [shard 0] 2499/8134 got=2425 skip=73 miss=1 fail=0
2026-06-09T11:21:16Z [shard 0] 2524/8134 got=2450 skip=73 miss=1 fail=0
2026-06-09T11:22:53Z [shard 0] 2549/8134 got=2475 skip=73 miss=1 fail=0
2026-06-09T11:25:01Z [shard 0] 2574/8134 got=2500 skip=73 miss=1 fail=0
2026-06-09T11:26:31Z [shard 0] 2599/8134 got=2525 skip=73 miss=1 fail=0
2026-06-09T11:28:00Z [shard 0] 2624/8134 got=2550 skip=73 miss=1 fail=0
2026-06-09T11:29:30Z [shard 0] 2649/8134 got=2575 skip=73 miss=1 fail=0
2026-06-09T11:31:23Z [shard 0] 2674/8134 got=2600 skip=73 miss=1 fail=0
2026-06-09T11:32:51Z [shard 0] 2699/8134 got=2625 skip=73 miss=1 fail=0
2026-06-09T11:34:26Z [shard 0] 2724/8134 got=2650 skip=73 miss=1 fail=0
2026-06-09T11:36:00Z [shard 0] 2749/8134 got=2675 skip=73 miss=1 fail=0
2026-06-09T11:37:36Z [shard 0] 2774/8134 got=2700 skip=73 miss=1 fail=0
2026-06-09T11:39:18Z [shard 0] 2799/8134 got=2725 skip=73 miss=1 fail=0
2026-06-09T11:41:01Z [shard 0] 2824/8134 got=2750 skip=73 miss=1 fail=0
2026-06-09T11:42:42Z [shard 0] 2849/8134 got=2775 skip=73 miss=1 fail=0
2026-06-09T11:44:13Z   note: 20050319223502 redirected -> https://web.archive.org/web/20050311094347id_/http://www.theavalanches
2026-06-09T11:44:16Z [shard 0] 2874/8134 got=2800 skip=73 miss=1 fail=0
2026-06-09T11:44:30Z   note: 20050530195920 redirected -> https://web.archive.org/web/20050608014447id_/http://www.theavalanches
2026-06-09T11:45:34Z   note: 20051231155310 redirected -> https://web.archive.org/web/20060103190435id_/http://www.theavalanches
2026-06-09T11:45:49Z   throttled (URLError [Errno 61] Connection refused) try 1/4, sleep 4s
2026-06-09T11:45:55Z   note: 20060101111712 redirected -> https://web.archive.org/web/20060103190435id_/http://www.theavalanches
2026-06-09T11:45:58Z   throttled (URLError [Errno 61] Connection refused) try 1/4, sleep 6s
2026-06-09T11:46:06Z   note: 20060102201611 redirected -> https://web.archive.org/web/20060103190435id_/http://www.theavalanches
2026-06-09T11:46:06Z [shard 0] 2899/8134 got=2825 skip=73 miss=1 fail=0
2026-06-09T11:46:21Z   note: 20060118203435 redirected -> https://web.archive.org/web/20060103190435id_/http://www.theavalanches
2026-06-09T11:46:32Z   note: 20060207005214 redirected -> https://web.archive.org/web/20060103190435id_/http://www.theavalanches
2026-06-09T11:46:52Z   note: 20060430024737 redirected -> https://web.archive.org/web/20060423211600id_/http://www.theavalanches
2026-06-09T11:47:04Z   throttled (URLError [Errno 61] Connection refused) try 1/4, sleep 5s
2026-06-09T11:47:10Z   note: 20060707232646 redirected -> https://web.archive.org/web/20060718185956id_/http://www.theavalanches
2026-06-09T11:47:46Z   note: 20060831140615 redirected -> https://web.archive.org/web/20060828141824id_/http://www.theavalanches
2026-06-09T11:47:50Z [shard 0] 2924/8134 got=2850 skip=73 miss=1 fail=0
2026-06-09T11:48:12Z   note: 20061101181641 redirected -> https://web.archive.org/web/20061104204903id_/http://www.theavalanches
2026-06-09T11:48:42Z   note: 20061230180203 redirected -> https://web.archive.org/web/20061130194538id_/http://www.theavalanches
2026-06-09T11:49:30Z [shard 0] 2949/8134 got=2875 skip=73 miss=1 fail=0
2026-06-09T11:49:58Z   note: 20050319223034 redirected -> https://web.archive.org/web/20050311094433id_/http://www.theavalanches
2026-06-09T11:50:26Z   note: 20051030230305 redirected -> https://web.archive.org/web/20050820042411id_/http://www.theavalanches
2026-06-09T11:50:46Z   note: 20051216052004 redirected -> https://web.archive.org/web/20050820042411id_/http://www.theavalanches
2026-06-09T11:50:58Z   note: 20051231171433 redirected -> https://web.archive.org/web/20050820042411id_/http://www.theavalanches
2026-06-09T11:51:11Z [shard 0] 2974/8134 got=2900 skip=73 miss=1 fail=0
2026-06-09T11:51:21Z   note: 20060101104048 redirected -> https://web.archive.org/web/20050820042411id_/http://www.theavalanches
2026-06-09T11:51:42Z   note: 20060102214240 redirected -> https://web.archive.org/web/20050820042411id_/http://www.theavalanches
2026-06-09T11:51:56Z   note: 20060118203710 redirected -> https://web.archive.org/web/20050820042411id_/http://www.theavalanches
2026-06-09T11:52:01Z   note: 20060207005202 redirected -> https://web.archive.org/web/20050820042411id_/http://www.theavalanches
2026-06-09T11:52:21Z   note: 20060430022807 redirected -> https://web.archive.org/web/20050820042411id_/http://www.theavalanches
2026-06-09T11:52:25Z   note: 20060707232751 redirected -> https://web.archive.org/web/20050820042411id_/http://www.theavalanches
2026-06-09T11:52:29Z   throttled (URLError [Errno 61] Connection refused) try 1/4, sleep 5s
2026-06-09T11:52:36Z   note: 20060718041255 redirected -> https://web.archive.org/web/20050820042411id_/http://www.theavalanches
2026-06-09T11:52:39Z   throttled (URLError [Errno 61] Connection refused) try 1/4, sleep 4s
2026-06-09T11:52:45Z   note: 20060718160615 redirected -> https://web.archive.org/web/20050820042411id_/http://www.theavalanches
2026-06-09T11:52:49Z   throttled (URLError [Errno 61] Connection refused) try 1/4, sleep 5s
2026-06-09T11:52:56Z   note: 20060831140935 redirected -> https://web.archive.org/web/20050820042411id_/http://www.theavalanches
2026-06-09T11:53:02Z   note: 20061101181924 redirected -> https://web.archive.org/web/20050820042411id_/http://www.theavalanches
2026-06-09T11:53:08Z   note: 20061230180202 redirected -> https://web.archive.org/web/20050820042411id_/http://www.theavalanches
2026-06-09T11:53:20Z [shard 0] 2999/8134 got=2925 skip=73 miss=1 fail=0
2026-06-09T11:54:57Z [shard 0] 3024/8134 got=2950 skip=73 miss=1 fail=0
2026-06-09T11:56:37Z [shard 0] 3049/8134 got=2975 skip=73 miss=1 fail=0
2026-06-09T11:58:16Z [shard 0] 3074/8134 got=3000 skip=73 miss=1 fail=0
2026-06-09T11:59:54Z [shard 0] 3099/8134 got=3025 skip=73 miss=1 fail=0
2026-06-09T12:01:36Z [shard 0] 3124/8134 got=3050 skip=73 miss=1 fail=0
2026-06-09T12:03:16Z [shard 0] 3149/8134 got=3075 skip=73 miss=1 fail=0
2026-06-09T12:04:49Z [shard 0] 3174/8134 got=3100 skip=73 miss=1 fail=0
2026-06-09T12:06:32Z [shard 0] 3199/8134 got=3125 skip=73 miss=1 fail=0
2026-06-09T12:08:07Z [shard 0] 3224/8134 got=3150 skip=73 miss=1 fail=0
2026-06-09T12:09:39Z [shard 0] 3249/8134 got=3175 skip=73 miss=1 fail=0
2026-06-09T12:11:17Z [shard 0] 3274/8134 got=3200 skip=73 miss=1 fail=0
2026-06-09T12:13:03Z [shard 0] 3299/8134 got=3225 skip=73 miss=1 fail=0
2026-06-09T12:14:38Z [shard 0] 3324/8134 got=3250 skip=73 miss=1 fail=0
2026-06-09T12:17:24Z [shard 0] 3349/8134 got=3275 skip=73 miss=1 fail=0
2026-06-09T12:19:08Z [shard 0] 3374/8134 got=3300 skip=73 miss=1 fail=0
2026-06-09T12:20:45Z [shard 0] 3399/8134 got=3325 skip=73 miss=1 fail=0
2026-06-09T12:22:27Z [shard 0] 3424/8134 got=3350 skip=73 miss=1 fail=0
2026-06-09T12:24:04Z [shard 0] 3449/8134 got=3375 skip=73 miss=1 fail=0
2026-06-09T12:25:47Z [shard 0] 3474/8134 got=3400 skip=73 miss=1 fail=0
2026-06-09T12:27:27Z [shard 0] 3499/8134 got=3425 skip=73 miss=1 fail=0
2026-06-09T12:29:10Z [shard 0] 3524/8134 got=3450 skip=73 miss=1 fail=0
2026-06-09T12:30:56Z [shard 0] 3549/8134 got=3475 skip=73 miss=1 fail=0
2026-06-09T12:32:40Z [shard 0] 3574/8134 got=3500 skip=73 miss=1 fail=0
2026-06-09T12:34:36Z [shard 0] 3599/8134 got=3525 skip=73 miss=1 fail=0
2026-06-09T12:35:38Z   throttled (URLError [Errno 61] Connection refused) try 1/4, sleep 5s
2026-06-09T12:36:27Z [shard 0] 3624/8134 got=3550 skip=73 miss=1 fail=0
2026-06-09T12:38:13Z [shard 0] 3649/8134 got=3575 skip=73 miss=1 fail=0
2026-06-09T12:40:13Z [shard 0] 3674/8134 got=3600 skip=73 miss=1 fail=0
2026-06-09T12:42:12Z [shard 0] 3699/8134 got=3625 skip=73 miss=1 fail=0
2026-06-09T12:44:35Z [shard 0] 3724/8134 got=3650 skip=73 miss=1 fail=0
2026-06-09T12:46:15Z [shard 0] 3749/8134 got=3675 skip=73 miss=1 fail=0
2026-06-09T12:47:55Z [shard 0] 3774/8134 got=3700 skip=73 miss=1 fail=0
2026-06-09T12:49:58Z [shard 0] 3799/8134 got=3725 skip=73 miss=1 fail=0
2026-06-09T12:51:39Z [shard 0] 3824/8134 got=3750 skip=73 miss=1 fail=0
2026-06-09T12:53:14Z [shard 0] 3849/8134 got=3775 skip=73 miss=1 fail=0
2026-06-09T12:54:52Z ==== run_local.sh start (delay=2.0) ====
2026-06-09T12:56:26Z [shard 0] 25/2502 got=25 skip=0 miss=0 fail=0
2026-06-09T12:58:29Z [shard 0] 50/2502 got=50 skip=0 miss=0 fail=0
2026-06-09T13:00:35Z [shard 0] 75/2502 got=75 skip=0 miss=0 fail=0
2026-06-09T13:02:17Z [shard 0] 100/2502 got=100 skip=0 miss=0 fail=0
2026-06-09T13:03:57Z [shard 0] 125/2502 got=125 skip=0 miss=0 fail=0
2026-06-09T13:05:37Z [shard 0] 150/2502 got=150 skip=0 miss=0 fail=0
2026-06-09T13:07:17Z [shard 0] 175/2502 got=175 skip=0 miss=0 fail=0
2026-06-09T13:08:56Z [shard 0] 200/2502 got=200 skip=0 miss=0 fail=0
2026-06-09T13:10:38Z [shard 0] 225/2502 got=225 skip=0 miss=0 fail=0
2026-06-09T13:12:17Z [shard 0] 250/2502 got=250 skip=0 miss=0 fail=0
2026-06-09T13:14:03Z [shard 0] 275/2502 got=275 skip=0 miss=0 fail=0
2026-06-09T13:15:43Z [shard 0] 300/2502 got=300 skip=0 miss=0 fail=0
2026-06-09T13:17:14Z [shard 0] 325/2502 got=325 skip=0 miss=0 fail=0
2026-06-09T13:18:51Z [shard 0] 350/2502 got=350 skip=0 miss=0 fail=0
2026-06-09T13:20:27Z [shard 0] 375/2502 got=375 skip=0 miss=0 fail=0
2026-06-09T13:22:07Z [shard 0] 400/2502 got=400 skip=0 miss=0 fail=0
2026-06-09T13:23:46Z [shard 0] 425/2502 got=425 skip=0 miss=0 fail=0
2026-06-09T13:25:18Z [shard 0] 450/2502 got=450 skip=0 miss=0 fail=0
2026-06-09T13:26:56Z [shard 0] 475/2502 got=475 skip=0 miss=0 fail=0
2026-06-09T13:28:32Z [shard 0] 500/2502 got=500 skip=0 miss=0 fail=0
2026-06-09T13:30:24Z [shard 0] 525/2502 got=525 skip=0 miss=0 fail=0
2026-06-09T13:31:59Z [shard 0] 550/2502 got=550 skip=0 miss=0 fail=0
2026-06-09T13:33:47Z [shard 0] 575/2502 got=575 skip=0 miss=0 fail=0
2026-06-09T13:35:25Z [shard 0] 600/2502 got=600 skip=0 miss=0 fail=0
2026-06-09T13:37:02Z [shard 0] 625/2502 got=625 skip=0 miss=0 fail=0
2026-06-09T13:38:41Z [shard 0] 650/2502 got=650 skip=0 miss=0 fail=0
2026-06-09T13:40:23Z [shard 0] 675/2502 got=675 skip=0 miss=0 fail=0
2026-06-09T13:42:08Z [shard 0] 700/2502 got=700 skip=0 miss=0 fail=0
2026-06-09T13:43:49Z [shard 0] 725/2502 got=725 skip=0 miss=0 fail=0
2026-06-09T13:45:41Z [shard 0] 750/2502 got=750 skip=0 miss=0 fail=0
2026-06-09T13:47:16Z [shard 0] 775/2502 got=775 skip=0 miss=0 fail=0
2026-06-09T13:48:52Z [shard 0] 800/2502 got=800 skip=0 miss=0 fail=0
2026-06-09T13:50:29Z [shard 0] 825/2502 got=825 skip=0 miss=0 fail=0
2026-06-09T13:52:14Z [shard 0] 850/2502 got=850 skip=0 miss=0 fail=0
2026-06-09T13:53:50Z [shard 0] 875/2502 got=875 skip=0 miss=0 fail=0
2026-06-09T13:55:29Z [shard 0] 900/2502 got=900 skip=0 miss=0 fail=0
2026-06-09T13:57:04Z [shard 0] 925/2502 got=925 skip=0 miss=0 fail=0
2026-06-09T13:58:46Z [shard 0] 950/2502 got=950 skip=0 miss=0 fail=0
2026-06-09T14:00:28Z [shard 0] 975/2502 got=975 skip=0 miss=0 fail=0
2026-06-09T14:02:12Z [shard 0] 1000/2502 got=1000 skip=0 miss=0 fail=0
2026-06-09T14:03:48Z [shard 0] 1025/2502 got=1025 skip=0 miss=0 fail=0
2026-06-09T14:05:31Z [shard 0] 1050/2502 got=1050 skip=0 miss=0 fail=0
2026-06-09T14:07:34Z [shard 0] 1075/2502 got=1075 skip=0 miss=0 fail=0
2026-06-09T14:09:07Z [shard 0] 1100/2502 got=1100 skip=0 miss=0 fail=0
2026-06-09T14:10:48Z [shard 0] 1125/2502 got=1125 skip=0 miss=0 fail=0
